0 info it worked if it ends with ok
1 verbose cli [ '/usr/bin/nodejs', '/usr/bin/npm', 'run', 'serve' ]
2 info using npm@3.10.10
3 info using node@v7.3.0
4 verbose run-script [ 'preserve', 'serve', 'postserve' ]
5 info lifecycle swagger-ui@2.2.10~preserve: swagger-ui@2.2.10
6 silly lifecycle swagger-ui@2.2.10~preserve: no script for preserve, continuing
7 info lifecycle swagger-ui@2.2.10~serve: swagger-ui@2.2.10
8 verbose lifecycle swagger-ui@2.2.10~serve: unsafe-perm in lifecycle true
9 verbose lifecycle swagger-ui@2.2.10~serve: PATH: /usr/lib/node_modules/npm/bin/node-gyp-bin:/opt/projects/visuality/haka/gsb/node_modules/.bin:/home/staszek/.rvm/gems/ruby-2.3.1/bin:/home/staszek/.rvm/gems/ruby-2.3.1@global/bin:/home/staszek/.rvm/rubies/ruby-2.3.1/bin:/home/staszek/bin:/home/staszek/.local/bin:/home/staszek/bin:/home/staszek/.local/bin:/usr/local/sbin:/usr/local/bin:/usr/sbin:/usr/bin:/sbin:/bin:/usr/games:/usr/local/games:/snap/bin:/home/staszek/.rvm/bin:/snap/bin:/home/staszek/.rvm/bin:/home/staszek/.rvm/bin
10 verbose lifecycle swagger-ui@2.2.10~serve: CWD: /opt/projects/visuality/haka/gsb
11 silly lifecycle swagger-ui@2.2.10~serve: Args: [ '-c', 'gulp serve' ]
12 silly lifecycle swagger-ui@2.2.10~serve: Returned: code: 1  signal: null
13 info lifecycle swagger-ui@2.2.10~serve: Failed to exec serve script
14 verbose stack Error: swagger-ui@2.2.10 serve: `gulp serve`
14 verbose stack Exit status 1
14 verbose stack     at EventEmitter.<anonymous> (/usr/lib/node_modules/npm/lib/utils/lifecycle.js:255:16)
14 verbose stack     at emitTwo (events.js:106:13)
14 verbose stack     at EventEmitter.emit (events.js:191:7)
14 verbose stack     at ChildProcess.<anonymous> (/usr/lib/node_modules/npm/lib/utils/spawn.js:40:14)
14 verbose stack     at emitTwo (events.js:106:13)
14 verbose stack     at ChildProcess.emit (events.js:191:7)
14 verbose stack     at maybeClose (internal/child_process.js:885:16)
14 verbose stack     at Process.ChildProcess._handle.onexit (internal/child_process.js:226:5)
15 verbose pkgid swagger-ui@2.2.10
16 verbose cwd /opt/projects/visuality/haka/gsb
17 error Linux 4.4.0-59-generic
18 error argv "/usr/bin/nodejs" "/usr/bin/npm" "run" "serve"
19 error node v7.3.0
20 error npm  v3.10.10
21 error code ELIFECYCLE
22 error swagger-ui@2.2.10 serve: `gulp serve`
22 error Exit status 1
23 error Failed at the swagger-ui@2.2.10 serve script 'gulp serve'.
23 error Make sure you have the latest version of node.js and npm installed.
23 error If you do, this is most likely a problem with the swagger-ui package,
23 error not with npm itself.
23 error Tell the author that this fails on your system:
23 error     gulp serve
23 error You can get information on how to open an issue for this project with:
23 error     npm bugs swagger-ui
23 error Or if that isn't available, you can get their info via:
23 error     npm owner ls swagger-ui
23 error There is likely additional logging output above.
24 verbose exit [ 1, true ]
